<?xml version="1.0" encoding="UTF-8"?>
<coverage generated="1778920047147" clover="3.2.0">
  <project timestamp="1778920047147" name="All files">
    <metrics statements="73" coveredstatements="73" conditionals="39" coveredconditionals="28" methods="34" coveredmethods="33" elements="146" coveredelements="134" complexity="0" loc="73" ncloc="73" packages="2" files="11" classes="11"/>
    <package name="components">
      <metrics statements="71" coveredstatements="71" conditionals="36" coveredconditionals="25" methods="32" coveredmethods="31"/>
      <file name="AboutSection.tsx" path="/Users/maxdad/gitrepos/portfolio-apps/willow-api/src/components/AboutSection.tsx">
        <metrics statements="3" coveredstatements="3" conditionals="0" coveredconditionals="0" methods="2" coveredmethods="2"/>
        <line num="1" count="1" type="stmt"/>
        <line num="11" count="4" type="stmt"/>
        <line num="40" count="24" type="stmt"/>
      </file>
      <file name="Footer.tsx" path="/Users/maxdad/gitrepos/portfolio-apps/willow-api/src/components/Footer.tsx">
        <metrics statements="6" coveredstatements="6" conditionals="2" coveredconditionals="2" methods="4" coveredmethods="4"/>
        <line num="5" count="8" type="stmt"/>
        <line num="7" count="8" type="stmt"/>
        <line num="8" count="2" type="stmt"/>
        <line num="9" count="2" type="stmt"/>
        <line num="10" count="2" type="stmt"/>
        <line num="14" count="8" type="stmt"/>
      </file>
      <file name="GallerySection.tsx" path="/Users/maxdad/gitrepos/portfolio-apps/willow-api/src/components/GallerySection.tsx">
        <metrics statements="11" coveredstatements="11" conditionals="6" coveredconditionals="5" methods="8" coveredmethods="8"/>
        <line num="5" count="1" type="stmt"/>
        <line num="18" count="9" type="stmt"/>
        <line num="20" count="9" type="stmt"/>
        <line num="21" count="6" type="stmt"/>
        <line num="22" count="4" type="cond" truecount="2" falsecount="0"/>
        <line num="27" count="39" type="stmt"/>
        <line num="28" count="39" type="stmt"/>
        <line num="29" count="9" type="cond" truecount="1" falsecount="1"/>
        <line num="33" count="9" type="stmt"/>
        <line num="43" count="39" type="stmt"/>
        <line num="46" count="1" type="stmt"/>
      </file>
      <file name="Hero.tsx" path="/Users/maxdad/gitrepos/portfolio-apps/willow-api/src/components/Hero.tsx">
        <metrics statements="23" coveredstatements="23" conditionals="12" coveredconditionals="5" methods="6" coveredmethods="5"/>
        <line num="3" count="1" type="stmt"/>
        <line num="6" count="6" type="stmt"/>
        <line num="7" count="6" type="stmt"/>
        <line num="8" count="6" type="stmt"/>
        <line num="9" count="6" type="stmt"/>
        <line num="10" count="6" type="stmt"/>
        <line num="12" count="6" type="stmt"/>
        <line num="13" count="6" type="stmt"/>
        <line num="19" count="6" type="stmt"/>
        <line num="20" count="6" type="stmt"/>
        <line num="21" count="6" type="stmt"/>
        <line num="22" count="6" type="cond" truecount="1" falsecount="1"/>
        <line num="23" count="6" type="cond" truecount="1" falsecount="1"/>
        <line num="24" count="6" type="stmt"/>
        <line num="25" count="24" type="cond" truecount="1" falsecount="1"/>
        <line num="28" count="6" type="stmt"/>
        <line num="30" count="6" type="cond" truecount="0" falsecount="2"/>
        <line num="31" count="6" type="stmt"/>
        <line num="32" count="6" type="stmt"/>
        <line num="33" count="6" type="stmt"/>
        <line num="34" count="6" type="stmt"/>
        <line num="35" count="6" type="cond" truecount="1" falsecount="1"/>
        <line num="39" count="6" type="stmt"/>
      </file>
      <file name="InquirySection.tsx" path="/Users/maxdad/gitrepos/portfolio-apps/willow-api/src/components/InquirySection.tsx">
        <metrics statements="17" coveredstatements="17" conditionals="14" coveredconditionals="12" methods="3" coveredmethods="3"/>
        <line num="6" count="1" type="stmt"/>
        <line num="9" count="15" type="stmt"/>
        <line num="10" count="15" type="stmt"/>
        <line num="11" count="15" type="stmt"/>
        <line num="13" count="15" type="stmt"/>
        <line num="14" count="4" type="stmt"/>
        <line num="15" count="4" type="stmt"/>
        <line num="16" count="4" type="stmt"/>
        <line num="27" count="4" type="stmt"/>
        <line num="28" count="4" type="stmt"/>
        <line num="30" count="4" type="stmt"/>
        <line num="31" count="4" type="stmt"/>
        <line num="32" count="2" type="stmt"/>
        <line num="34" count="2" type="cond" truecount="1" falsecount="1"/>
        <line num="36" count="4" type="stmt"/>
        <line num="40" count="15" type="stmt"/>
        <line num="84" count="1" type="cond" truecount="2" falsecount="0"/>
      </file>
      <file name="Lightbox.tsx" path="/Users/maxdad/gitrepos/portfolio-apps/willow-api/src/components/Lightbox.tsx">
        <metrics statements="6" coveredstatements="6" conditionals="2" coveredconditionals="1" methods="5" coveredmethods="5"/>
        <line num="9" count="5" type="stmt"/>
        <line num="10" count="5" type="cond" truecount="1" falsecount="1"/>
        <line num="11" count="5" type="stmt"/>
        <line num="12" count="5" type="stmt"/>
        <line num="15" count="5" type="stmt"/>
        <line num="18" count="1" type="stmt"/>
      </file>
      <file name="Nav.tsx" path="/Users/maxdad/gitrepos/portfolio-apps/willow-api/src/components/Nav.tsx">
        <metrics statements="1" coveredstatements="1" conditionals="0" coveredconditionals="0" methods="1" coveredmethods="1"/>
        <line num="2" count="3" type="stmt"/>
      </file>
      <file name="StatsBar.tsx" path="/Users/maxdad/gitrepos/portfolio-apps/willow-api/src/components/StatsBar.tsx">
        <metrics statements="3" coveredstatements="3" conditionals="0" coveredconditionals="0" methods="2" coveredmethods="2"/>
        <line num="1" count="1" type="stmt"/>
        <line num="11" count="2" type="stmt"/>
        <line num="15" count="12" type="stmt"/>
      </file>
      <file name="VideoSection.tsx" path="/Users/maxdad/gitrepos/portfolio-apps/willow-api/src/components/VideoSection.tsx">
        <metrics statements="1" coveredstatements="1" conditionals="0" coveredconditionals="0" methods="1" coveredmethods="1"/>
        <line num="2" count="3" type="stmt"/>
      </file>
    </package>
    <package name="components.ui">
      <metrics statements="2" coveredstatements="2" conditionals="3" coveredconditionals="3" methods="2" coveredmethods="2"/>
      <file name="ErrorBanner.tsx" path="/Users/maxdad/gitrepos/portfolio-apps/willow-api/src/components/ui/ErrorBanner.tsx">
        <metrics statements="1" coveredstatements="1" conditionals="2" coveredconditionals="2" methods="1" coveredmethods="1"/>
        <line num="7" count="4" type="stmt"/>
      </file>
      <file name="Spinner.tsx" path="/Users/maxdad/gitrepos/portfolio-apps/willow-api/src/components/ui/Spinner.tsx">
        <metrics statements="1" coveredstatements="1" conditionals="1" coveredconditionals="1" methods="1" coveredmethods="1"/>
        <line num="6" count="2" type="stmt"/>
      </file>
    </package>
  </project>
</coverage>
