{"/Users/maxdad/gitrepos/portfolio-apps/willow-api/src/components/AboutSection.tsx": {"path":"/Users/maxdad/gitrepos/portfolio-apps/willow-api/src/components/AboutSection.tsx","statementMap":{"0":{"start":{"line":1,"column":15},"end":{"line":8,"column":null}},"1":{"start":{"line":11,"column":2},"end":{"line":49,"column":null}},"2":{"start":{"line":40,"column":16},"end":{"line":43,"column":null}}},"fnMap":{"0":{"name":"AboutSection","decl":{"start":{"line":10,"column":24},"end":{"line":10,"column":39}},"loc":{"start":{"line":10,"column":39},"end":{"line":51,"column":null}},"line":10},"1":{"name":"(anonymous_1)","decl":{"start":{"line":39,"column":26},"end":{"line":39,"column":null}},"loc":{"start":{"line":40,"column":16},"end":{"line":43,"column":null}},"line":40}},"branchMap":{},"s":{"0":1,"1":4,"2":24},"f":{"0":4,"1":24},"b":{},"meta":{"lastBranch":0,"lastFunction":2,"lastStatement":3,"seen":{"s:1:15:8:Infinity":0,"f:10:24:10:39":0,"s:11:2:49:Infinity":1,"f:39:26:39:Infinity":1,"s:40:16:43:Infinity":2}}}
,"/Users/maxdad/gitrepos/portfolio-apps/willow-api/src/components/Footer.tsx": {"path":"/Users/maxdad/gitrepos/portfolio-apps/willow-api/src/components/Footer.tsx","statementMap":{"0":{"start":{"line":5,"column":36},"end":{"line":5,"column":null}},"1":{"start":{"line":7,"column":19},"end":{"line":12,"column":null}},"2":{"start":{"line":8,"column":4},"end":{"line":11,"column":null}},"3":{"start":{"line":9,"column":6},"end":{"line":9,"column":null}},"4":{"start":{"line":10,"column":6},"end":{"line":10,"column":null}},"5":{"start":{"line":10,"column":23},"end":{"line":10,"column":46}},"6":{"start":{"line":14,"column":2},"end":{"line":44,"column":null}}},"fnMap":{"0":{"name":"Footer","decl":{"start":{"line":4,"column":24},"end":{"line":4,"column":33}},"loc":{"start":{"line":4,"column":33},"end":{"line":46,"column":null}},"line":4},"1":{"name":"(anonymous_1)","decl":{"start":{"line":7,"column":19},"end":{"line":7,"column":25}},"loc":{"start":{"line":7,"column":25},"end":{"line":12,"column":null}},"line":7},"2":{"name":"(anonymous_2)","decl":{"start":{"line":8,"column":61},"end":{"line":8,"column":67}},"loc":{"start":{"line":8,"column":67},"end":{"line":11,"column":5}},"line":8},"3":{"name":"(anonymous_3)","decl":{"start":{"line":10,"column":17},"end":{"line":10,"column":23}},"loc":{"start":{"line":10,"column":23},"end":{"line":10,"column":46}},"line":10}},"branchMap":{"0":{"loc":{"start":{"line":30,"column":11},"end":{"line":30,"column":null}},"type":"cond-expr","locations":[{"start":{"line":30,"column":25},"end":{"line":30,"column":37}},{"start":{"line":30,"column":37},"end":{"line":30,"column":null}}],"line":30}},"s":{"0":8,"1":8,"2":2,"3":2,"4":2,"5":1,"6":8},"f":{"0":8,"1":2,"2":2,"3":1},"b":{"0":[2,6]},"meta":{"lastBranch":1,"lastFunction":4,"lastStatement":7,"seen":{"f:4:24:4:33":0,"s:5:36:5:Infinity":0,"s:7:19:12:Infinity":1,"f:7:19:7:25":1,"s:8:4:11:Infinity":2,"f:8:61:8:67":2,"s:9:6:9:Infinity":3,"s:10:6:10:Infinity":4,"f:10:17:10:23":3,"s:10:23:10:46":5,"s:14:2:44:Infinity":6,"b:30:25:30:37:30:37:30:Infinity":0}}}
,"/Users/maxdad/gitrepos/portfolio-apps/willow-api/src/components/GallerySection.tsx": {"path":"/Users/maxdad/gitrepos/portfolio-apps/willow-api/src/components/GallerySection.tsx","statementMap":{"0":{"start":{"line":5,"column":34},"end":{"line":11,"column":null}},"1":{"start":{"line":18,"column":26},"end":{"line":18,"column":null}},"2":{"start":{"line":20,"column":2},"end":{"line":24,"column":null}},"3":{"start":{"line":21,"column":4},"end":{"line":23,"column":null}},"4":{"start":{"line":22,"column":22},"end":{"line":22,"column":59}},"5":{"start":{"line":22,"column":43},"end":{"line":22,"column":59}},"6":{"start":{"line":27,"column":21},"end":{"line":27,"column":null}},"7":{"start":{"line":27,"column":40},"end":{"line":27,"column":50}},"8":{"start":{"line":28,"column":21},"end":{"line":28,"column":null}},"9":{"start":{"line":28,"column":40},"end":{"line":28,"column":51}},"10":{"start":{"line":29,"column":21},"end":{"line":31,"column":null}},"11":{"start":{"line":33,"column":2},"end":{"line":55,"column":null}},"12":{"start":{"line":43,"column":12},"end":{"line":50,"column":null}},"13":{"start":{"line":46,"column":29},"end":{"line":46,"column":null}}},"fnMap":{"0":{"name":"GallerySection","decl":{"start":{"line":17,"column":24},"end":{"line":17,"column":39}},"loc":{"start":{"line":17,"column":58},"end":{"line":57,"column":null}},"line":17},"1":{"name":"(anonymous_1)","decl":{"start":{"line":20,"column":12},"end":{"line":20,"column":18}},"loc":{"start":{"line":20,"column":18},"end":{"line":24,"column":5}},"line":20},"2":{"name":"(anonymous_2)","decl":{"start":{"line":22,"column":12},"end":{"line":22,"column":20}},"loc":{"start":{"line":22,"column":20},"end":{"line":22,"column":60}},"line":22},"3":{"name":"(anonymous_3)","decl":{"start":{"line":23,"column":13},"end":{"line":23,"column":19}},"loc":{"start":{"line":23,"column":19},"end":{"line":23,"column":42}},"line":23},"4":{"name":"(anonymous_4)","decl":{"start":{"line":27,"column":35},"end":{"line":27,"column":40}},"loc":{"start":{"line":27,"column":40},"end":{"line":27,"column":50}},"line":27},"5":{"name":"(anonymous_5)","decl":{"start":{"line":28,"column":35},"end":{"line":28,"column":40}},"loc":{"start":{"line":28,"column":40},"end":{"line":28,"column":51}},"line":28},"6":{"name":"(anonymous_6)","decl":{"start":{"line":42,"column":26},"end":{"line":42,"column":27}},"loc":{"start":{"line":43,"column":12},"end":{"line":50,"column":null}},"line":43},"7":{"name":"(anonymous_7)","decl":{"start":{"line":46,"column":23},"end":{"line":46,"column":29}},"loc":{"start":{"line":46,"column":29},"end":{"line":46,"column":null}},"line":46}},"branchMap":{"0":{"loc":{"start":{"line":22,"column":22},"end":{"line":22,"column":59}},"type":"if","locations":[{"start":{"line":22,"column":22},"end":{"line":22,"column":59}},{"start":{},"end":{}}],"line":22},"1":{"loc":{"start":{"line":29,"column":21},"end":{"line":31,"column":null}},"type":"cond-expr","locations":[{"start":{"line":30,"column":6},"end":{"line":30,"column":null}},{"start":{"line":31,"column":6},"end":{"line":31,"column":null}}],"line":29},"2":{"loc":{"start":{"line":45,"column":40},"end":{"line":45,"column":66}},"type":"cond-expr","locations":[{"start":{"line":45,"column":50},"end":{"line":45,"column":64}},{"start":{"line":45,"column":64},"end":{"line":45,"column":66}}],"line":45}},"s":{"0":1,"1":9,"2":9,"3":6,"4":4,"5":3,"6":9,"7":39,"8":9,"9":39,"10":9,"11":9,"12":39,"13":1},"f":{"0":9,"1":6,"2":4,"3":1,"4":39,"5":39,"6":39,"7":1},"b":{"0":[3,1],"1":[9,0],"2":[9,30]},"meta":{"lastBranch":3,"lastFunction":8,"lastStatement":14,"seen":{"s:5:34:11:Infinity":0,"f:17:24:17:39":0,"s:18:26:18:Infinity":1,"s:20:2:24:Infinity":2,"f:20:12:20:18":1,"s:21:4:23:Infinity":3,"f:22:12:22:20":2,"b:22:22:22:59:undefined:undefined:undefined:undefined":0,"s:22:22:22:59":4,"s:22:43:22:59":5,"f:23:13:23:19":3,"s:27:21:27:Infinity":6,"f:27:35:27:40":4,"s:27:40:27:50":7,"s:28:21:28:Infinity":8,"f:28:35:28:40":5,"s:28:40:28:51":9,"s:29:21:31:Infinity":10,"b:30:6:30:Infinity:31:6:31:Infinity":1,"s:33:2:55:Infinity":11,"f:42:26:42:27":6,"s:43:12:50:Infinity":12,"b:45:50:45:64:45:64:45:66":2,"f:46:23:46:29":7,"s:46:29:46:Infinity":13}}}
,"/Users/maxdad/gitrepos/portfolio-apps/willow-api/src/components/Hero.tsx": {"path":"/Users/maxdad/gitrepos/portfolio-apps/willow-api/src/components/Hero.tsx","statementMap":{"0":{"start":{"line":3,"column":16},"end":{"line":3,"column":null}},"1":{"start":{"line":6,"column":8},"end":{"line":6,"column":null}},"2":{"start":{"line":7,"column":8},"end":{"line":7,"column":null}},"3":{"start":{"line":8,"column":8},"end":{"line":8,"column":null}},"4":{"start":{"line":9,"column":8},"end":{"line":9,"column":null}},"5":{"start":{"line":10,"column":8},"end":{"line":10,"column":null}},"6":{"start":{"line":12,"column":2},"end":{"line":37,"column":null}},"7":{"start":{"line":13,"column":85},"end":{"line":18,"column":null}},"8":{"start":{"line":19,"column":31},"end":{"line":19,"column":null}},"9":{"start":{"line":20,"column":19},"end":{"line":29,"column":null}},"10":{"start":{"line":21,"column":22},"end":{"line":21,"column":null}},"11":{"start":{"line":22,"column":22},"end":{"line":22,"column":null}},"12":{"start":{"line":23,"column":6},"end":{"line":27,"column":null}},"13":{"start":{"line":24,"column":8},"end":{"line":26,"column":null}},"14":{"start":{"line":25,"column":10},"end":{"line":25,"column":null}},"15":{"start":{"line":25,"column":27},"end":{"line":25,"column":null}},"16":{"start":{"line":28,"column":6},"end":{"line":28,"column":null}},"17":{"start":{"line":30,"column":21},"end":{"line":30,"column":null}},"18":{"start":{"line":30,"column":29},"end":{"line":30,"column":79}},"19":{"start":{"line":30,"column":41},"end":{"line":30,"column":79}},"20":{"start":{"line":31,"column":4},"end":{"line":31,"column":null}},"21":{"start":{"line":32,"column":4},"end":{"line":32,"column":null}},"22":{"start":{"line":33,"column":4},"end":{"line":36,"column":null}},"23":{"start":{"line":34,"column":6},"end":{"line":34,"column":null}},"24":{"start":{"line":35,"column":6},"end":{"line":35,"column":null}},"25":{"start":{"line":35,"column":17},"end":{"line":35,"column":null}},"26":{"start":{"line":39,"column":2},"end":{"line":81,"column":null}}},"fnMap":{"0":{"name":"Hero","decl":{"start":{"line":5,"column":24},"end":{"line":5,"column":31}},"loc":{"start":{"line":5,"column":31},"end":{"line":83,"column":null}},"line":5},"1":{"name":"(anonymous_1)","decl":{"start":{"line":12,"column":12},"end":{"line":12,"column":18}},"loc":{"start":{"line":12,"column":18},"end":{"line":37,"column":5}},"line":12},"2":{"name":"(anonymous_2)","decl":{"start":{"line":20,"column":19},"end":{"line":20,"column":25}},"loc":{"start":{"line":20,"column":25},"end":{"line":29,"column":null}},"line":20},"3":{"name":"(anonymous_3)","decl":{"start":{"line":24,"column":23},"end":{"line":24,"column":24}},"loc":{"start":{"line":24,"column":43},"end":{"line":26,"column":9}},"line":24},"4":{"name":"(anonymous_4)","decl":{"start":{"line":30,"column":21},"end":{"line":30,"column":27}},"loc":{"start":{"line":30,"column":27},"end":{"line":30,"column":null}},"line":30},"5":{"name":"(anonymous_5)","decl":{"start":{"line":33,"column":11},"end":{"line":33,"column":17}},"loc":{"start":{"line":33,"column":17},"end":{"line":36,"column":null}},"line":33}},"branchMap":{"0":{"loc":{"start":{"line":22,"column":22},"end":{"line":22,"column":null}},"type":"binary-expr","locations":[{"start":{"line":22,"column":22},"end":{"line":22,"column":55}},{"start":{"line":22,"column":55},"end":{"line":22,"column":null}}],"line":22},"1":{"loc":{"start":{"line":23,"column":6},"end":{"line":27,"column":null}},"type":"if","locations":[{"start":{"line":23,"column":6},"end":{"line":27,"column":null}},{"start":{},"end":{}}],"line":23},"2":{"loc":{"start":{"line":25,"column":10},"end":{"line":25,"column":null}},"type":"if","locations":[{"start":{"line":25,"column":10},"end":{"line":25,"column":null}},{"start":{},"end":{}}],"line":25},"3":{"loc":{"start":{"line":30,"column":29},"end":{"line":30,"column":79}},"type":"if","locations":[{"start":{"line":30,"column":29},"end":{"line":30,"column":79}},{"start":{},"end":{}}],"line":30},"4":{"loc":{"start":{"line":35,"column":6},"end":{"line":35,"column":null}},"type":"if","locations":[{"start":{"line":35,"column":6},"end":{"line":35,"column":null}},{"start":{},"end":{}}],"line":35},"5":{"loc":{"start":{"line":46,"column":7},"end":{"line":56,"column":null}},"type":"binary-expr","locations":[{"start":{"line":46,"column":7},"end":{"line":46,"column":null}},{"start":{"line":47,"column":8},"end":{"line":56,"column":null}}],"line":46}},"s":{"0":1,"1":6,"2":6,"3":6,"4":6,"5":6,"6":6,"7":6,"8":6,"9":6,"10":6,"11":6,"12":6,"13":6,"14":24,"15":24,"16":6,"17":6,"18":0,"19":0,"20":6,"21":6,"22":6,"23":6,"24":6,"25":0,"26":6},"f":{"0":6,"1":6,"2":6,"3":24,"4":0,"5":6},"b":{"0":[6,0],"1":[6,0],"2":[24,0],"3":[0,0],"4":[0,6],"5":[6,0]},"meta":{"lastBranch":6,"lastFunction":6,"lastStatement":27,"seen":{"s:3:16:3:Infinity":0,"f:5:24:5:31":0,"s:6:8:6:Infinity":1,"s:7:8:7:Infinity":2,"s:8:8:8:Infinity":3,"s:9:8:9:Infinity":4,"s:10:8:10:Infinity":5,"s:12:2:37:Infinity":6,"f:12:12:12:18":1,"s:13:85:18:Infinity":7,"s:19:31:19:Infinity":8,"s:20:19:29:Infinity":9,"f:20:19:20:25":2,"s:21:22:21:Infinity":10,"s:22:22:22:Infinity":11,"b:22:22:22:55:22:55:22:Infinity":0,"b:23:6:27:Infinity:undefined:undefined:undefined:undefined":1,"s:23:6:27:Infinity":12,"s:24:8:26:Infinity":13,"f:24:23:24:24":3,"b:25:10:25:Infinity:undefined:undefined:undefined:undefined":2,"s:25:10:25:Infinity":14,"s:25:27:25:Infinity":15,"s:28:6:28:Infinity":16,"s:30:21:30:Infinity":17,"f:30:21:30:27":4,"b:30:29:30:79:undefined:undefined:undefined:undefined":3,"s:30:29:30:79":18,"s:30:41:30:79":19,"s:31:4:31:Infinity":20,"s:32:4:32:Infinity":21,"s:33:4:36:Infinity":22,"f:33:11:33:17":5,"s:34:6:34:Infinity":23,"b:35:6:35:Infinity:undefined:undefined:undefined:undefined":4,"s:35:6:35:Infinity":24,"s:35:17:35:Infinity":25,"s:39:2:81:Infinity":26,"b:46:7:46:Infinity:47:8:56:Infinity":5}}}
,"/Users/maxdad/gitrepos/portfolio-apps/willow-api/src/components/InquirySection.tsx": {"path":"/Users/maxdad/gitrepos/portfolio-apps/willow-api/src/components/InquirySection.tsx","statementMap":{"0":{"start":{"line":6,"column":16},"end":{"line":6,"column":null}},"1":{"start":{"line":9,"column":32},"end":{"line":9,"column":null}},"2":{"start":{"line":10,"column":30},"end":{"line":10,"column":null}},"3":{"start":{"line":11,"column":28},"end":{"line":11,"column":null}},"4":{"start":{"line":13,"column":23},"end":{"line":38,"column":null}},"5":{"start":{"line":14,"column":4},"end":{"line":14,"column":null}},"6":{"start":{"line":15,"column":15},"end":{"line":15,"column":null}},"7":{"start":{"line":16,"column":17},"end":{"line":25,"column":null}},"8":{"start":{"line":27,"column":4},"end":{"line":27,"column":null}},"9":{"start":{"line":28,"column":4},"end":{"line":28,"column":null}},"10":{"start":{"line":30,"column":4},"end":{"line":37,"column":null}},"11":{"start":{"line":31,"column":6},"end":{"line":31,"column":null}},"12":{"start":{"line":32,"column":6},"end":{"line":32,"column":null}},"13":{"start":{"line":34,"column":6},"end":{"line":34,"column":null}},"14":{"start":{"line":36,"column":6},"end":{"line":36,"column":null}},"15":{"start":{"line":40,"column":2},"end":{"line":157,"column":null}},"16":{"start":{"line":84,"column":72},"end":{"line":84,"column":88}}},"fnMap":{"0":{"name":"InquirySection","decl":{"start":{"line":8,"column":24},"end":{"line":8,"column":41}},"loc":{"start":{"line":8,"column":41},"end":{"line":159,"column":null}},"line":8},"1":{"name":"(anonymous_1)","decl":{"start":{"line":13,"column":23},"end":{"line":13,"column":30}},"loc":{"start":{"line":13,"column":70},"end":{"line":38,"column":null}},"line":13},"2":{"name":"(anonymous_2)","decl":{"start":{"line":84,"column":66},"end":{"line":84,"column":72}},"loc":{"start":{"line":84,"column":72},"end":{"line":84,"column":88}},"line":84}},"branchMap":{"0":{"loc":{"start":{"line":34,"column":15},"end":{"line":34,"column":93}},"type":"cond-expr","locations":[{"start":{"line":34,"column":38},"end":{"line":34,"column":52}},{"start":{"line":34,"column":52},"end":{"line":34,"column":93}}],"line":34},"1":{"loc":{"start":{"line":68,"column":13},"end":{"line":152,"column":null}},"type":"cond-expr","locations":[{"start":{"line":69,"column":14},"end":{"line":74,"column":null}},{"start":{"line":75,"column":16},"end":{"line":152,"column":null}}],"line":68},"2":{"loc":{"start":{"line":75,"column":16},"end":{"line":152,"column":null}},"type":"cond-expr","locations":[{"start":{"line":76,"column":14},"end":{"line":81,"column":null}},{"start":{"line":83,"column":14},"end":{"line":152,"column":null}}],"line":75},"3":{"loc":{"start":{"line":84,"column":17},"end":{"line":84,"column":null}},"type":"binary-expr","locations":[{"start":{"line":84,"column":17},"end":{"line":84,"column":26}},{"start":{"line":84,"column":26},"end":{"line":84,"column":null}}],"line":84},"4":{"loc":{"start":{"line":144,"column":19},"end":{"line":144,"column":null}},"type":"cond-expr","locations":[{"start":{"line":144,"column":29},"end":{"line":144,"column":53}},{"start":{"line":144,"column":53},"end":{"line":144,"column":null}}],"line":144},"5":{"loc":{"start":{"line":145,"column":19},"end":{"line":145,"column":null}},"type":"cond-expr","locations":[{"start":{"line":145,"column":29},"end":{"line":145,"column":42}},{"start":{"line":145,"column":42},"end":{"line":145,"column":null}}],"line":145},"6":{"loc":{"start":{"line":146,"column":19},"end":{"line":149,"column":null}},"type":"binary-expr","locations":[{"start":{"line":146,"column":19},"end":{"line":146,"column":null}},{"start":{"line":147,"column":20},"end":{"line":149,"column":null}}],"line":146}},"s":{"0":1,"1":15,"2":15,"3":15,"4":15,"5":4,"6":4,"7":4,"8":4,"9":4,"10":4,"11":4,"12":2,"13":2,"14":4,"15":15,"16":1},"f":{"0":15,"1":4,"2":1},"b":{"0":[2,0],"1":[0,14],"2":[2,12],"3":[12,2],"4":[4,8],"5":[4,8],"6":[12,8]},"meta":{"lastBranch":7,"lastFunction":3,"lastStatement":17,"seen":{"s:6:16:6:Infinity":0,"f:8:24:8:41":0,"s:9:32:9:Infinity":1,"s:10:30:10:Infinity":2,"s:11:28:11:Infinity":3,"s:13:23:38:Infinity":4,"f:13:23:13:30":1,"s:14:4:14:Infinity":5,"s:15:15:15:Infinity":6,"s:16:17:25:Infinity":7,"s:27:4:27:Infinity":8,"s:28:4:28:Infinity":9,"s:30:4:37:Infinity":10,"s:31:6:31:Infinity":11,"s:32:6:32:Infinity":12,"s:34:6:34:Infinity":13,"b:34:38:34:52:34:52:34:93":0,"s:36:6:36:Infinity":14,"s:40:2:157:Infinity":15,"b:69:14:74:Infinity:75:16:152:Infinity":1,"b:76:14:81:Infinity:83:14:152:Infinity":2,"b:84:17:84:26:84:26:84:Infinity":3,"f:84:66:84:72":2,"s:84:72:84:88":16,"b:144:29:144:53:144:53:144:Infinity":4,"b:145:29:145:42:145:42:145:Infinity":5,"b:146:19:146:Infinity:147:20:149:Infinity":6}}}
,"/Users/maxdad/gitrepos/portfolio-apps/willow-api/src/components/Lightbox.tsx": {"path":"/Users/maxdad/gitrepos/portfolio-apps/willow-api/src/components/Lightbox.tsx","statementMap":{"0":{"start":{"line":9,"column":2},"end":{"line":13,"column":null}},"1":{"start":{"line":10,"column":18},"end":{"line":10,"column":null}},"2":{"start":{"line":10,"column":42},"end":{"line":10,"column":76}},"3":{"start":{"line":10,"column":66},"end":{"line":10,"column":76}},"4":{"start":{"line":11,"column":4},"end":{"line":11,"column":null}},"5":{"start":{"line":12,"column":4},"end":{"line":12,"column":null}},"6":{"start":{"line":12,"column":17},"end":{"line":12,"column":null}},"7":{"start":{"line":15,"column":2},"end":{"line":19,"column":null}},"8":{"start":{"line":18,"column":42},"end":{"line":18,"column":63}}},"fnMap":{"0":{"name":"Lightbox","decl":{"start":{"line":8,"column":24},"end":{"line":8,"column":33}},"loc":{"start":{"line":8,"column":58},"end":{"line":21,"column":null}},"line":8},"1":{"name":"(anonymous_1)","decl":{"start":{"line":9,"column":12},"end":{"line":9,"column":18}},"loc":{"start":{"line":9,"column":18},"end":{"line":13,"column":5}},"line":9},"2":{"name":"(anonymous_2)","decl":{"start":{"line":10,"column":18},"end":{"line":10,"column":19}},"loc":{"start":{"line":10,"column":40},"end":{"line":10,"column":null}},"line":10},"3":{"name":"(anonymous_3)","decl":{"start":{"line":12,"column":11},"end":{"line":12,"column":17}},"loc":{"start":{"line":12,"column":17},"end":{"line":12,"column":null}},"line":12},"4":{"name":"(anonymous_4)","decl":{"start":{"line":18,"column":37},"end":{"line":18,"column":42}},"loc":{"start":{"line":18,"column":42},"end":{"line":18,"column":63}},"line":18}},"branchMap":{"0":{"loc":{"start":{"line":10,"column":42},"end":{"line":10,"column":76}},"type":"if","locations":[{"start":{"line":10,"column":42},"end":{"line":10,"column":76}},{"start":{},"end":{}}],"line":10}},"s":{"0":5,"1":5,"2":1,"3":1,"4":5,"5":5,"6":5,"7":5,"8":1},"f":{"0":5,"1":5,"2":1,"3":5,"4":1},"b":{"0":[1,0]},"meta":{"lastBranch":1,"lastFunction":5,"lastStatement":9,"seen":{"f:8:24:8:33":0,"s:9:2:13:Infinity":0,"f:9:12:9:18":1,"s:10:18:10:Infinity":1,"f:10:18:10:19":2,"b:10:42:10:76:undefined:undefined:undefined:undefined":0,"s:10:42:10:76":2,"s:10:66:10:76":3,"s:11:4:11:Infinity":4,"s:12:4:12:Infinity":5,"f:12:11:12:17":3,"s:12:17:12:Infinity":6,"s:15:2:19:Infinity":7,"f:18:37:18:42":4,"s:18:42:18:63":8}}}
,"/Users/maxdad/gitrepos/portfolio-apps/willow-api/src/components/Nav.tsx": {"path":"/Users/maxdad/gitrepos/portfolio-apps/willow-api/src/components/Nav.tsx","statementMap":{"0":{"start":{"line":2,"column":2},"end":{"line":12,"column":null}}},"fnMap":{"0":{"name":"Nav","decl":{"start":{"line":1,"column":24},"end":{"line":1,"column":30}},"loc":{"start":{"line":1,"column":30},"end":{"line":14,"column":null}},"line":1}},"branchMap":{},"s":{"0":3},"f":{"0":3},"b":{},"meta":{"lastBranch":0,"lastFunction":1,"lastStatement":1,"seen":{"f:1:24:1:30":0,"s:2:2:12:Infinity":0}}}
,"/Users/maxdad/gitrepos/portfolio-apps/willow-api/src/components/StatsBar.tsx": {"path":"/Users/maxdad/gitrepos/portfolio-apps/willow-api/src/components/StatsBar.tsx","statementMap":{"0":{"start":{"line":1,"column":14},"end":{"line":8,"column":null}},"1":{"start":{"line":11,"column":2},"end":{"line":21,"column":null}},"2":{"start":{"line":15,"column":10},"end":{"line":18,"column":null}}},"fnMap":{"0":{"name":"StatsBar","decl":{"start":{"line":10,"column":24},"end":{"line":10,"column":35}},"loc":{"start":{"line":10,"column":35},"end":{"line":23,"column":null}},"line":10},"1":{"name":"(anonymous_1)","decl":{"start":{"line":14,"column":19},"end":{"line":14,"column":null}},"loc":{"start":{"line":15,"column":10},"end":{"line":18,"column":null}},"line":15}},"branchMap":{},"s":{"0":1,"1":2,"2":12},"f":{"0":2,"1":12},"b":{},"meta":{"lastBranch":0,"lastFunction":2,"lastStatement":3,"seen":{"s:1:14:8:Infinity":0,"f:10:24:10:35":0,"s:11:2:21:Infinity":1,"f:14:19:14:Infinity":1,"s:15:10:18:Infinity":2}}}
,"/Users/maxdad/gitrepos/portfolio-apps/willow-api/src/components/VideoSection.tsx": {"path":"/Users/maxdad/gitrepos/portfolio-apps/willow-api/src/components/VideoSection.tsx","statementMap":{"0":{"start":{"line":2,"column":2},"end":{"line":26,"column":null}}},"fnMap":{"0":{"name":"VideoSection","decl":{"start":{"line":1,"column":24},"end":{"line":1,"column":39}},"loc":{"start":{"line":1,"column":39},"end":{"line":28,"column":null}},"line":1}},"branchMap":{},"s":{"0":3},"f":{"0":3},"b":{},"meta":{"lastBranch":0,"lastFunction":1,"lastStatement":1,"seen":{"f:1:24:1:39":0,"s:2:2:26:Infinity":0}}}
,"/Users/maxdad/gitrepos/portfolio-apps/willow-api/src/components/ui/ErrorBanner.tsx": {"path":"/Users/maxdad/gitrepos/portfolio-apps/willow-api/src/components/ui/ErrorBanner.tsx","statementMap":{"0":{"start":{"line":7,"column":2},"end":{"line":45,"column":null}}},"fnMap":{"0":{"name":"ErrorBanner","decl":{"start":{"line":6,"column":24},"end":{"line":6,"column":36}},"loc":{"start":{"line":6,"column":67},"end":{"line":47,"column":null}},"line":6}},"branchMap":{"0":{"loc":{"start":{"line":28,"column":7},"end":{"line":43,"column":null}},"type":"binary-expr","locations":[{"start":{"line":28,"column":7},"end":{"line":28,"column":null}},{"start":{"line":29,"column":8},"end":{"line":43,"column":null}}],"line":28}},"s":{"0":4},"f":{"0":4},"b":{"0":[4,2]},"meta":{"lastBranch":1,"lastFunction":1,"lastStatement":1,"seen":{"f:6:24:6:36":0,"s:7:2:45:Infinity":0,"b:28:7:28:Infinity:29:8:43:Infinity":0}}}
,"/Users/maxdad/gitrepos/portfolio-apps/willow-api/src/components/ui/Spinner.tsx": {"path":"/Users/maxdad/gitrepos/portfolio-apps/willow-api/src/components/ui/Spinner.tsx","statementMap":{"0":{"start":{"line":6,"column":2},"end":{"line":18,"column":null}}},"fnMap":{"0":{"name":"Spinner","decl":{"start":{"line":5,"column":24},"end":{"line":5,"column":32}},"loc":{"start":{"line":5,"column":54},"end":{"line":20,"column":null}},"line":5}},"branchMap":{"0":{"loc":{"start":{"line":5,"column":34},"end":{"line":5,"column":44}},"type":"default-arg","locations":[{"start":{"line":5,"column":41},"end":{"line":5,"column":44}}],"line":5}},"s":{"0":2},"f":{"0":2},"b":{"0":[2]},"meta":{"lastBranch":1,"lastFunction":1,"lastStatement":1,"seen":{"f:5:24:5:32":0,"b:5:41:5:44":0,"s:6:2:18:Infinity":0}}}
}
